c:\users\micha\source\repos\character classes and inherited traits\characte.bad8174c\x64\debug\vc143.pdb
c:\users\micha\source\repos\character classes and inherited traits\characte.bad8174c\x64\debug\vc143.idb
c:\users\micha\source\repos\character classes and inherited traits\characte.bad8174c\x64\debug\playercharacter.obj
c:\users\micha\source\repos\character classes and inherited traits\characte.bad8174c\x64\debug\notes.obj
c:\users\micha\source\repos\character classes and inherited traits\characte.bad8174c\x64\debug\game.obj
c:\users\micha\source\repos\character classes and inherited traits\characte.bad8174c\x64\debug\main.obj
c:\users\micha\source\repos\character classes and inherited traits\characte.bad8174c\x64\debug\enemyc.obj
c:\users\micha\source\repos\character classes and inherited traits\characte.bad8174c\x64\debug\enemyb.obj
c:\users\micha\source\repos\character classes and inherited traits\characte.bad8174c\x64\debug\enemya.obj
c:\users\micha\source\repos\character classes and inherited traits\characte.bad8174c\x64\debug\enemy.obj
c:\users\micha\source\repos\character classes and inherited traits\characte.bad8174c\x64\debug\character.obj
c:\users\micha\source\repos\character classes and inherited traits\x64\debug\character classes and inherited traits.exe
c:\users\micha\source\repos\character classes and inherited traits\x64\debug\character classes and inherited traits.pdb
c:\users\micha\source\repos\character classes and inherited traits\characte.bad8174c\x64\debug\character classes and inherited traits.ilk
c:\users\micha\source\repos\character classes and inherited traits\characte.bad8174c\x64\debug\characte.bad8174c.tlog\cl.command.1.tlog
c:\users\micha\source\repos\character classes and inherited traits\characte.bad8174c\x64\debug\characte.bad8174c.tlog\cl.items.tlog
c:\users\micha\source\repos\character classes and inherited traits\characte.bad8174c\x64\debug\characte.bad8174c.tlog\cl.read.1.tlog
c:\users\micha\source\repos\character classes and inherited traits\characte.bad8174c\x64\debug\characte.bad8174c.tlog\cl.write.1.tlog
c:\users\micha\source\repos\character classes and inherited traits\characte.bad8174c\x64\debug\characte.bad8174c.tlog\link.command.1.tlog
c:\users\micha\source\repos\character classes and inherited traits\characte.bad8174c\x64\debug\characte.bad8174c.tlog\link.read.1.tlog
c:\users\micha\source\repos\character classes and inherited traits\characte.bad8174c\x64\debug\characte.bad8174c.tlog\link.secondary.1.tlog
c:\users\micha\source\repos\character classes and inherited traits\characte.bad8174c\x64\debug\characte.bad8174c.tlog\link.write.1.tlog
